<?xml version="1.0" encoding="UTF-8"?>
<testsuite xmlns:xsi="http://www.w3.org/2001/XMLSchema-instance" xsi:noNamespaceSchemaLocation="https://maven.apache.org/surefire/maven-surefire-plugin/xsd/surefire-test-report.xsd" name="runner.TestRunner" time="8.107" tests="2" errors="2" skipped="0" failures="0">
  <properties>
[...]
</properties>
  <testcase name="Product Comparison" classname="LapTop &amp; NoteBooks" time="3.942">
    <error message="session not created: This version of ChromeDriver only supports Chrome version 104&#10;Current browser version is 103.0.5060.134 with binary path C:\Program Files\Google\Chrome\Application\chrome.exe&#10;Build info: version: &apos;3.141.59&apos;, revision: &apos;e82be7d358&apos;, time: &apos;2018-11-14T08:17:03&apos;&#10;System info: host: &apos;LAPTOP-S91MI170&apos;, ip: &apos;10.0.0.50&apos;, os.name: &apos;Windows 10&apos;, os.arch: &apos;amd64&apos;, os.version: &apos;10.0&apos;, java.version: &apos;1.8.0_202&apos;&#10;Driver info: driver.version: ChromeDriver&#10;remote stacktrace: Backtrace:&#10;	Ordinal0 [0x003E78B3+2193587]&#10;	Ordinal0 [0x00380681+1771137]&#10;	Ordinal0 [0x002941A8+803240]&#10;	Ordinal0 [0x002B5CC3+941251]&#10;	Ordinal0 [0x002B13EF+922607]&#10;	Ordinal0 [0x002AEBC1+912321]&#10;	Ordinal0 [0x002E23B0+1123248]&#10;	Ordinal0 [0x002E200A+1122314]&#10;	Ordinal0 [0x002DD5C6+1103302]&#10;	Ordinal0 [0x002B77E0+948192]&#10;	Ordinal0 [0x002B86E6+952038]&#10;	GetHandleVerifier [0x00690CB2+2738370]&#10;	GetHandleVerifier [0x006821B8+2678216]&#10;	GetHandleVerifier [0x004717AA+512954]&#10;	GetHandleVerifier [0x00470856+509030]&#10;	Ordinal0 [0x0038743B+1799227]&#10;	Ordinal0 [0x0038BB68+1817448]&#10;	Ordinal0 [0x0038BC55+1817685]&#10;	Ordinal0 [0x00395230+1856048]&#10;	BaseThreadInitThunk [0x751A6739+25]&#10;	RtlGetFullPathName_UEx [0x77178FEF+1215]&#10;	RtlGetFullPathName_UEx [0x77178FBD+1165]&#10;" type="org.openqa.selenium.SessionNotCreatedException">org.openqa.selenium.SessionNotCreatedException: 
session not created: This version of ChromeDriver only supports Chrome version 104
Current browser version is 103.0.5060.134 with binary path C:\Program Files\Google\Chrome\Application\chrome.exe
Build info: version: '3.141.59', revision: 'e82be7d358', time: '2018-11-14T08:17:03'
System info: host: 'LAPTOP-S91MI170', ip: '10.0.0.50', os.name: 'Windows 10', os.arch: 'amd64', os.version: '10.0', java.version: '1.8.0_202'
Driver info: driver.version: ChromeDriver
remote stacktrace: Backtrace:
	Ordinal0 [0x003E78B3+2193587]
	Ordinal0 [0x00380681+1771137]
	Ordinal0 [0x002941A8+803240]
	Ordinal0 [0x002B5CC3+941251]
	Ordinal0 [0x002B13EF+922607]
	Ordinal0 [0x002AEBC1+912321]
	Ordinal0 [0x002E23B0+1123248]
	Ordinal0 [0x002E200A+1122314]
	Ordinal0 [0x002DD5C6+1103302]
	Ordinal0 [0x002B77E0+948192]
	Ordinal0 [0x002B86E6+952038]
	GetHandleVerifier [0x00690CB2+2738370]
	GetHandleVerifier [0x006821B8+2678216]
	GetHandleVerifier [0x004717AA+512954]
	GetHandleVerifier [0x00470856+509030]
	Ordinal0 [0x0038743B+1799227]
	Ordinal0 [0x0038BB68+1817448]
	Ordinal0 [0x0038BC55+1817685]
	Ordinal0 [0x00395230+1856048]
	BaseThreadInitThunk [0x751A6739+25]
	RtlGetFullPathName_UEx [0x77178FEF+1215]
	RtlGetFullPathName_UEx [0x77178FBD+1165]

</error>
    <system-out><![CDATA[
@Regression2failed
Scenario: Product Comparison                                 # features/laptop.feature:19
 INFO [main] (Initilizer.java:15)- Scenario Product Comparison started
      org.openqa.selenium.SessionNotCreatedException: session not created: This version of ChromeDriver only supports Chrome version 104
Current browser version is 103.0.5060.134 with binary path C:\Program Files\Google\Chrome\Application\chrome.exe
Build info: version: '3.141.59', revision: 'e82be7d358', time: '2018-11-14T08:17:03'
System info: host: 'LAPTOP-S91MI170', ip: '10.0.0.50', os.name: 'Windows 10', os.arch: 'amd64', os.version: '10.0', java.version: '1.8.0_202'
Driver info: driver.version: ChromeDriver
remote stacktrace: Backtrace:
	Ordinal0 [0x003E78B3+2193587]
	Ordinal0 [0x00380681+1771137]
	Ordinal0 [0x002941A8+803240]
	Ordinal0 [0x002B5CC3+941251]
	Ordinal0 [0x002B13EF+922607]
	Ordinal0 [0x002AEBC1+912321]
	Ordinal0 [0x002E23B0+1123248]
	Ordinal0 [0x002E200A+1122314]
	Ordinal0 [0x002DD5C6+1103302]
	Ordinal0 [0x002B77E0+948192]
	Ordinal0 [0x002B86E6+952038]
	GetHandleVerifier [0x00690CB2+2738370]
	GetHandleVerifier [0x006821B8+2678216]
	GetHandleVerifier [0x004717AA+512954]
	GetHandleVerifier [0x00470856+509030]
	Ordinal0 [0x0038743B+1799227]
	Ordinal0 [0x0038BB68+1817448]
	Ordinal0 [0x0038BC55+1817685]
	Ordinal0 [0x00395230+1856048]
	BaseThreadInitThunk [0x751A6739+25]
	RtlGetFullPathName_UEx [0x77178FEF+1215]
	RtlGetFullPathName_UEx [0x77178FBD+1165]

	at sun.reflect.NativeConstructorAccessorImpl.newInstance0(Native Method)
	at sun.reflect.NativeConstructorAccessorImpl.newInstance(NativeConstructorAccessorImpl.java:62)
	at sun.reflect.DelegatingConstructorAccessorImpl.newInstance(DelegatingConstructorAccessorImpl.java:45)
	at java.lang.reflect.Constructor.newInstance(Constructor.java:423)
	at org.openqa.selenium.remote.W3CHandshakeResponse.lambda$errorHandler$0(W3CHandshakeResponse.java:62)
	at org.openqa.selenium.remote.HandshakeResponse.lambda$getResponseFunction$0(HandshakeResponse.java:30)
	at org.openqa.selenium.remote.ProtocolHandshake.lambda$createSession$0(ProtocolHandshake.java:126)
	at java.util.stream.ReferencePipeline$3$1.accept(ReferencePipeline.java:193)
	at java.util.Spliterators$ArraySpliterator.tryAdvance(Spliterators.java:958)
	at java.util.stream.ReferencePipeline.forEachWithCancel(ReferencePipeline.java:126)
	at java.util.stream.AbstractPipeline.copyIntoWithCancel(AbstractPipeline.java:498)
	at java.util.stream.AbstractPipeline.copyInto(AbstractPipeline.java:485)
	at java.util.stream.AbstractPipeline.wrapAndCopyInto(AbstractPipeline.java:471)
	at java.util.stream.FindOps$FindOp.evaluateSequential(FindOps.java:152)
	at java.util.stream.AbstractPipeline.evaluate(AbstractPipeline.java:234)
	at java.util.stream.ReferencePipeline.findFirst(ReferencePipeline.java:464)
	at org.openqa.selenium.remote.ProtocolHandshake.createSession(ProtocolHandshake.java:128)
	at org.openqa.selenium.remote.ProtocolHandshake.createSession(ProtocolHandshake.java:74)
	at org.openqa.selenium.remote.HttpCommandExecutor.execute(HttpCommandExecutor.java:136)
	at org.openqa.selenium.remote.service.DriverCommandExecutor.execute(DriverCommandExecutor.java:83)
	at org.openqa.selenium.remote.RemoteWebDriver.execute(RemoteWebDriver.java:552)
	at org.openqa.selenium.remote.RemoteWebDriver.startSession(RemoteWebDriver.java:213)
	at org.openqa.selenium.remote.RemoteWebDriver.<init>(RemoteWebDriver.java:131)
	at org.openqa.selenium.chrome.ChromeDriver.<init>(ChromeDriver.java:181)
	at org.openqa.selenium.chrome.ChromeDriver.<init>(ChromeDriver.java:168)
	at org.openqa.selenium.chrome.ChromeDriver.<init>(ChromeDriver.java:123)
	at core.Base.browser(Base.java:77)
	at step.definition.Initilizer.beforeHooks(Initilizer.java:16)

  Given User is on Retail website                            # step.definition.RetailStepDefinition.User_is_on_Retail_website()
  When User click on Laptop and NoteBook tab                 # step.definition.LaptopDefiniation.User_click_on_Laptop_and_NoteBook_tab()
  And User click on Show all Laptop and NoteBook option      # step.definition.LaptopDefiniation.User_click_on_Show_all_Laptop_and_NoteBook_option()
  And User click on product comparison icon on 'MacBook'     # step.definition.LaptopDefiniation.User_click_on_product_comparison_icon_on(java.lang.String)
  And User click on product comparison icon on 'MacBook Air' # step.definition.LaptopDefiniation.User_click_on_product_comparison_icon_on(java.lang.String)
  Then User should see Product Comparison Chart              # step.definition.LaptopDefiniation.User_should_see_Product_Comparison_Chart()
      java.lang.NullPointerException
	at step.definition.Initilizer.afterHooks(Initilizer.java:24)

]]></system-out>
    <system-err><![CDATA[SLF4J: Failed to load class "org.slf4j.impl.StaticLoggerBinder".
SLF4J: Defaulting to no-operation (NOP) logger implementation
SLF4J: See http://www.slf4j.org/codes.html#StaticLoggerBinder for further details.
Starting ChromeDriver 104.0.5112.79 (3cf3e8c8a07d104b9e1260c910efb8f383285dc5-refs/branch-heads/5112@{#1307}) on port 16706
Only local connections are allowed.
Please see https://chromedriver.chromium.org/security-considerations for suggestions on keeping ChromeDriver safe.
ChromeDriver was started successfully.
]]></system-err>
  </testcase>
  <testcase name="Product Comparison" classname="LapTop &amp; NoteBooks" time="3.944">
    <error type="java.lang.NullPointerException">java.lang.NullPointerException
</error>
  </testcase>
</testsuite>